# JRE version: OpenJDK Runtime Environment (11.0.15) (build 11.0.15+0-b2043.56-8887301)
# Java VM: OpenJDK 64-Bit Server VM (11.0.15+0-b2043.56-8887301, mixed mode, tiered, compressed oops, g1 gc, linux-amd64)
Heap:
 garbage-first heap   total 339968K, used 121856K [0x0000000080000000, 0x0000000100000000)
  region size 1024K, 5 young (5120K), 5 survivors (5120K)
 Metaspace       used 94773K, capacity 97261K, committed 97564K, reserved 1134592K
  class space    used 12213K, capacity 13183K, committed 13184K, reserved 1048576K
GC Heap History (20 events):
Event: 7.555 GC heap after
{Heap after GC invocations=15 (full 0):
 garbage-first heap   total 181248K, used 57909K [0x0000000080000000, 0x0000000100000000)
  region size 1024K, 4 young (4096K), 4 survivors (4096K)
 Metaspace       used 65740K, capacity 67380K, committed 67612K, reserved 1107968K
  class space    used 8318K, capacity 8962K, committed 9088K, reserved 1048576K
}
Event: 7.792 GC heap before
{Heap before GC invocations=15 (full 0):
 garbage-first heap   total 181248K, used 79413K [0x0000000080000000, 0x0000000100000000)
  region size 1024K, 26 young (26624K), 4 survivors (4096K)
 Metaspace       used 67458K, capacity 69092K, committed 69276K, reserved 1110016K
  class space    used 8531K, capacity 9164K, committed 9216K, reserved 1048576K
}
Event: 7.804 GC heap after
{Heap after GC invocations=16 (full 0):
 garbage-first heap   total 181248K, used 59164K [0x0000000080000000, 0x0000000100000000)
  region size 1024K, 6 young (6144K), 6 survivors (6144K)
 Metaspace       used 67458K, capacity 69092K, committed 69276K, reserved 1110016K
  class space    used 8531K, capacity 9164K, committed 9216K, reserved 1048576K
}
Event: 8.537 GC heap before
{Heap before GC invocations=17 (full 0):
 garbage-first heap   total 181248K, used 122652K [0x0000000080000000, 0x0000000100000000)
  region size 1024K, 68 young (69632K), 6 survivors (6144K)
 Metaspace       used 70124K, capacity 71792K, committed 72220K, reserved 1112064K
  class space    used 8915K, capacity 9573K, committed 9600K, reserved 1048576K
}
Event: 8.552 GC heap after
{Heap after GC invocations=18 (full 0):
 garbage-first heap   total 181248K, used 63411K [0x0000000080000000, 0x0000000100000000)
  region size 1024K, 6 young (6144K), 6 survivors (6144K)
 Metaspace       used 70124K, capacity 71792K, committed 72220K, reserved 1112064K
  class space    used 8915K, capacity 9573K, committed 9600K, reserved 1048576K
}
Event: 9.513 GC heap before
{Heap before GC invocations=18 (full 0):
 garbage-first heap   total 181248K, used 127923K [0x0000000080000000, 0x0000000100000000)
  region size 1024K, 69 young (70656K), 6 survivors (6144K)
 Metaspace       used 76714K, capacity 78557K, committed 78748K, reserved 1118208K
  class space    used 9961K, capacity 10679K, committed 10752K, reserved 1048576K
}
Event: 9.533 GC heap after
{Heap after GC invocations=19 (full 0):
 garbage-first heap   total 181248K, used 67738K [0x0000000080000000, 0x0000000100000000)
  region size 1024K, 9 young (9216K), 9 survivors (9216K)
 Metaspace       used 76714K, capacity 78557K, committed 78748K, reserved 1118208K
  class space    used 9961K, capacity 10679K, committed 10752K, reserved 1048576K
}
Event: 10.279 GC heap before
{Heap before GC invocations=19 (full 0):
 garbage-first heap   total 181248K, used 132250K [0x0000000080000000, 0x0000000100000000)
  region size 1024K, 72 young (73728K), 9 survivors (9216K)
 Metaspace       used 82974K, capacity 84965K, committed 85276K, reserved 1122304K
  class space    used 10806K, capacity 11594K, committed 11648K, reserved 1048576K
}
Event: 10.288 GC heap after
{Heap after GC invocations=20 (full 0):
 garbage-first heap   total 181248K, used 71808K [0x0000000080000000, 0x0000000100000000)
  region size 1024K, 9 young (9216K), 9 survivors (9216K)
 Metaspace       used 82974K, capacity 84965K, committed 85276K, reserved 1122304K
  class space    used 10806K, capacity 11594K, committed 11648K, reserved 1048576K
}
Event: 10.706 GC heap before
{Heap before GC invocations=20 (full 0):
 garbage-first heap   total 181248K, used 136320K [0x0000000080000000, 0x0000000100000000)
  region size 1024K, 72 young (73728K), 9 survivors (9216K)
 Metaspace       used 84363K, capacity 86409K, committed 86684K, reserved 1124352K
  class space    used 10969K, capacity 11747K, committed 11776K, reserved 1048576K
}
Event: 10.722 GC heap after
{Heap after GC invocations=21 (full 0):
 garbage-first heap   total 181248K, used 79110K [0x0000000080000000, 0x0000000100000000)
  region size 1024K, 9 young (9216K), 9 survivors (9216K)
 Metaspace       used 84363K, capacity 86409K, committed 86684K, reserved 1124352K
  class space    used 10969K, capacity 11747K, committed 11776K, reserved 1048576K
}
Event: 11.369 GC heap before
{Heap before GC invocations=21 (full 0):
 garbage-first heap   total 181248K, used 140550K [0x0000000080000000, 0x0000000100000000)
  region size 1024K, 69 young (70656K), 9 survivors (9216K)
 Metaspace       used 86787K, capacity 89121K, committed 89244K, reserved 1126400K
  class space    used 11382K, capacity 12279K, committed 12288K, reserved 1048576K
}
Event: 11.401 GC heap after
{Heap after GC invocations=22 (full 0):
 garbage-first heap   total 218112K, used 86533K [0x0000000080000000, 0x0000000100000000)
  region size 1024K, 7 young (7168K), 7 survivors (7168K)
 Metaspace       used 86787K, capacity 89121K, committed 89244K, reserved 1126400K
  class space    used 11382K, capacity 12279K, committed 12288K, reserved 1048576K
}
Event: 12.189 GC heap before
{Heap before GC invocations=22 (full 0):
 garbage-first heap   total 218112K, used 157189K [0x0000000080000000, 0x0000000100000000)
  region size 1024K, 77 young (78848K), 7 survivors (7168K)
 Metaspace       used 88855K, capacity 91349K, committed 91548K, reserved 1128448K
  class space    used 11544K, capacity 12516K, committed 12544K, reserved 1048576K
}
Event: 12.224 GC heap after
{Heap after GC invocations=23 (full 0):
 garbage-first heap   total 218112K, used 91599K [0x0000000080000000, 0x0000000100000000)
  region size 1024K, 6 young (6144K), 6 survivors (6144K)
 Metaspace       used 88855K, capacity 91349K, committed 91548K, reserved 1128448K
  class space    used 11544K, capacity 12516K, committed 12544K, reserved 1048576K
}
Event: 13.784 GC heap before
{Heap before GC invocations=23 (full 0):
 garbage-first heap   total 218112K, used 162255K [0x0000000080000000, 0x0000000100000000)
  region size 1024K, 76 young (77824K), 6 survivors (6144K)
 Metaspace       used 90980K, capacity 93464K, committed 93852K, reserved 1130496K
  class space    used 11758K, capacity 12730K, committed 12800K, reserved 1048576K
}
Event: 13.811 GC heap after
{Heap after GC invocations=24 (full 0):
 garbage-first heap   total 218112K, used 103727K [0x0000000080000000, 0x0000000100000000)
  region size 1024K, 10 young (10240K), 10 survivors (10240K)
 Metaspace       used 90980K, capacity 93464K, committed 93852K, reserved 1130496K
  class space    used 11758K, capacity 12730K, committed 12800K, reserved 1048576K
}
Event: 14.681 GC heap before
{Heap before GC invocations=24 (full 0):
 garbage-first heap   total 218112K, used 150831K [0x0000000080000000, 0x0000000100000000)
  region size 1024K, 55 young (56320K), 10 survivors (10240K)
 Metaspace       used 91611K, capacity 94115K, committed 94364K, reserved 1130496K
  class space    used 11827K, capacity 12800K, committed 12800K, reserved 1048576K
}
Event: 14.780 GC heap after
{Heap after GC invocations=25 (full 0):
 garbage-first heap   total 218112K, used 117692K [0x0000000080000000, 0x0000000100000000)
  region size 1024K, 10 young (10240K), 10 survivors (10240K)
 Metaspace       used 91611K, capacity 94115K, committed 94364K, reserved 1130496K
  class space    used 11827K, capacity 12800K, committed 12800K, reserved 1048576K
}
Event: 15.715 GC heap before
{Heap before GC invocations=26 (full 0):
 garbage-first heap   total 218112K, used 175036K [0x0000000080000000, 0x0000000100000000)
  region size 1024K, 58 young (59392K), 10 survivors (10240K)
 Metaspace       used 94773K, capacity 97261K, committed 97564K, reserved 1134592K
  class space    used 12213K, capacity 13183K, committed 13184K, reserved 1048576K
}

